This file contains any messages produced by compilers while
running configure, to aid debugging if configure makes a mistake.

It was created by fastmlm configure 0.0.1, which was
generated by GNU Autoconf 2.71.  Invocation command line was

  $ ./configure

## --------- ##
## Platform. ##
## --------- ##

hostname = deluge
uname -m = x86_64
uname -r = 6.17.0-19-generic
uname -s = Linux
uname -v = #19~24.04.2-Ubuntu SMP PREEMPT_DYNAMIC Fri Mar  6 23:08:46 UTC 2

/usr/bin/uname -p = x86_64
/bin/uname -X     = unknown

/bin/arch              = x86_64
/usr/bin/arch -k       = unknown
/usr/convex/getsysinfo = unknown
/usr/bin/hostinfo      = unknown
/bin/machine           = unknown
/usr/bin/oslevel       = unknown
/bin/universe          = unknown

PATH: /usr/bin/
PATH: /home/tenebris/fsl/share/fsl/bin/
PATH: /home/tenebris/fsl/share/fsl/bin/
PATH: /home/tenebris/.elan/bin/
PATH: /home/tenebris/.local/bin/
PATH: /home/tenebris/fsl/share/fsl/bin/
PATH: /home/tenebris/fsl/share/fsl/bin/
PATH: /home/tenebris/.elan/bin/
PATH: /home/tenebris/.local/bin/
PATH: /home/tenebris/.sdkman/candidates/maven/current/bin/
PATH: /home/tenebris/.sdkman/candidates/kotlin/current/bin/
PATH: /home/tenebris/.sdkman/candidates/gradle/current/bin/
PATH: /home/tenebris/anaconda3/bin/
PATH: /home/tenebris/anaconda3/condabin/
PATH: /home/tenebris/fsl/share/fsl/bin/
PATH: /home/tenebris/fsl/share/fsl/bin/
PATH: /home/tenebris/.cargo/bin/
PATH: /home/tenebris/.elan/bin/
PATH: /home/tenebris/.local/bin/
PATH: /usr/local/sbin/
PATH: /usr/local/bin/
PATH: /usr/sbin/
PATH: /usr/bin/
PATH: /sbin/
PATH: /bin/
PATH: /usr/games/
PATH: /usr/local/games/
PATH: /snap/bin/
PATH: /home/tenebris/.dotnet/tools/
PATH: /home/tenebris/.local/share/JetBrains/Toolbox/scripts/
PATH: /home/tenebris/.lmstudio/bin/
PATH: /home/tenebris/.local/bin/
PATH: /home/tenebris/.lmstudio/bin/
PATH: /usr/local/go/bin/
PATH: /home/tenebris/.local/share/JetBrains/Toolbox/scripts/
PATH: /home/tenebris/.lmstudio/bin/
PATH: /home/tenebris/.local/bin/
PATH: /home/tenebris/.lmstudio/bin/
PATH: /usr/local/go/bin/
PATH: /home/tenebris/.local/share/JetBrains/Toolbox/scripts/
PATH: /home/tenebris/.lmstudio/bin/


## ----------- ##
## Core tests. ##
## ----------- ##

configure:2147: checking for OpenBLAS
configure:2156: result: yes (pkg-config: -L/usr/lib/x86_64-linux-gnu/openblas-pthread/ -lopenblas )
configure:3202: checking for OpenMP
configure:3228: gcc -std=gnu2x -o conftest -g -O2 -fno-omit-frame-pointer -mno-omit-leaf-frame-pointer -ffile-prefix-map=/build/r-base-tpN123/r-base-4.5.3=. -fstack-protector-strong -fstack-clash-protection -Wformat -Werror=format-security -fcf-protection -fdebug-prefix-map=/build/r-base-tpN123/r-base-4.5.3=/usr/src/r-base-4.5.3-1.2404.0 -Wdate-time -D_FORTIFY_SOURCE=3 -UNDEBUG -Wall -pedantic -g -O0 -fopenmp  -Wl,-Bsymbolic-functions -flto=auto -ffat-lto-objects -Wl,-z,relro conftest.c  >&5
configure:3228: $? = 0
configure:3232: result: yes
configure:3249: checking for CUDA/nvcc
configure:3271: result: yes (nvcc)
configure:3438: creating ./config.status

## ---------------------- ##
## Running config.status. ##
## ---------------------- ##

This file was extended by fastmlm config.status 0.0.1, which was
generated by GNU Autoconf 2.71.  Invocation command line was

  CONFIG_FILES    = 
  CONFIG_HEADERS  = 
  CONFIG_LINKS    = 
  CONFIG_COMMANDS = 
  $ ./config.status 

on deluge

config.status:724: creating src/Makevars

## ---------------- ##
## Cache variables. ##
## ---------------- ##

ac_cv_env_CC_set=set
ac_cv_env_CC_value='gcc -std=gnu2x'
ac_cv_env_CFLAGS_set=set
ac_cv_env_CFLAGS_value='-g -O2 -fno-omit-frame-pointer -mno-omit-leaf-frame-pointer -ffile-prefix-map=/build/r-base-tpN123/r-base-4.5.3=. -fstack-protector-strong -fstack-clash-protection -Wformat -Werror=format-security -fcf-protection -fdebug-prefix-map=/build/r-base-tpN123/r-base-4.5.3=/usr/src/r-base-4.5.3-1.2404.0 -Wdate-time -D_FORTIFY_SOURCE=3 -UNDEBUG -Wall -pedantic -g -O0'
ac_cv_env_CPPFLAGS_set=
ac_cv_env_CPPFLAGS_value=
ac_cv_env_LDFLAGS_set=set
ac_cv_env_LDFLAGS_value='-Wl,-Bsymbolic-functions -flto=auto -ffat-lto-objects -Wl,-z,relro'
ac_cv_env_LIBS_set=
ac_cv_env_LIBS_value=
ac_cv_env_build_alias_set=
ac_cv_env_build_alias_value=
ac_cv_env_host_alias_set=
ac_cv_env_host_alias_value=
ac_cv_env_target_alias_set=
ac_cv_env_target_alias_value=

## ----------------- ##
## Output variables. ##
## ----------------- ##

CC='gcc -std=gnu2x'
CFLAGS='-g -O2 -fno-omit-frame-pointer -mno-omit-leaf-frame-pointer -ffile-prefix-map=/build/r-base-tpN123/r-base-4.5.3=. -fstack-protector-strong -fstack-clash-protection -Wformat -Werror=format-security -fcf-protection -fdebug-prefix-map=/build/r-base-tpN123/r-base-4.5.3=/usr/src/r-base-4.5.3-1.2404.0 -Wdate-time -D_FORTIFY_SOURCE=3 -UNDEBUG -Wall -pedantic -g -O0'
CPPFLAGS=''
CUDA_CPPFLAGS='-DFASTMLM_HAS_CUDA'
CUDA_LIBS='-lcublas -lcusolver -lcusparse -lcudart'
DEFS='-DPACKAGE_NAME=\"fastmlm\" -DPACKAGE_TARNAME=\"fastmlm\" -DPACKAGE_VERSION=\"0.0.1\" -DPACKAGE_STRING=\"fastmlm\ 0.0.1\" -DPACKAGE_BUGREPORT=\"\" -DPACKAGE_URL=\"\"'
ECHO_C=''
ECHO_N='-n'
ECHO_T=''
EXEEXT=''
GPU_OBJECT='gpu_backend'
LDFLAGS='-Wl,-Bsymbolic-functions -flto=auto -ffat-lto-objects -Wl,-z,relro'
LIBOBJS=''
LIBS=''
LTLIBOBJS=''
NVCC_PATH='nvcc'
OBJEXT=''
OPENBLAS_CPPFLAGS='-DFASTMLM_HAS_OPENBLAS'
OPENBLAS_LIBS='-L/usr/lib/x86_64-linux-gnu/openblas-pthread/ -lopenblas '
OPENMP_CPPFLAGS='-DFASTMLM_HAS_OPENMP'
OPENMP_CXXFLAGS='$(SHLIB_OPENMP_CXXFLAGS)'
OPENMP_LIBS='$(SHLIB_OPENMP_CXXFLAGS)'
PACKAGE_BUGREPORT=''
PACKAGE_NAME='fastmlm'
PACKAGE_STRING='fastmlm 0.0.1'
PACKAGE_TARNAME='fastmlm'
PACKAGE_URL=''
PACKAGE_VERSION='0.0.1'
PATH_SEPARATOR=':'
SHELL='/bin/bash'
ac_ct_CC=''
bindir='${exec_prefix}/bin'
build_alias=''
datadir='${datarootdir}'
datarootdir='${prefix}/share'
docdir='${datarootdir}/doc/${PACKAGE_TARNAME}'
dvidir='${docdir}'
exec_prefix='${prefix}'
host_alias=''
htmldir='${docdir}'
includedir='${prefix}/include'
infodir='${datarootdir}/info'
libdir='${exec_prefix}/lib'
libexecdir='${exec_prefix}/libexec'
localedir='${datarootdir}/locale'
localstatedir='${prefix}/var'
mandir='${datarootdir}/man'
oldincludedir='/usr/include'
pdfdir='${docdir}'
prefix='/usr/local'
program_transform_name='s,x,x,'
psdir='${docdir}'
runstatedir='${localstatedir}/run'
sbindir='${exec_prefix}/sbin'
sharedstatedir='${prefix}/com'
sysconfdir='${prefix}/etc'
target_alias=''

## ----------- ##
## confdefs.h. ##
## ----------- ##

/* confdefs.h */
#define PACKAGE_NAME "fastmlm"
#define PACKAGE_TARNAME "fastmlm"
#define PACKAGE_VERSION "0.0.1"
#define PACKAGE_STRING "fastmlm 0.0.1"
#define PACKAGE_BUGREPORT ""
#define PACKAGE_URL ""

configure: exit 0
